<?xml version="1.0" encoding="UTF-8"?>
<!-- Generated by org.testng.reporters.JUnitReportReporter -->
<testsuite hostname="DESKTOP-0K39VUV" failures="0" tests="1" name="Tests.NewTest" time="0.014" errors="0" timestamp="2022-08-07T15:52:57 IST" skipped="0">
  <testcase classname="Tests.NewTest" name="f" time="0.014"/>
  <system-out/>
</testsuite> <!-- Tests.NewTest -->
